mode: set
github.com/gefracto/kostrika-go-tasks/src/task1/task1.go:8.54,12.2 2 0
github.com/gefracto/kostrika-go-tasks/src/task1/task1.go:19.53,22.14 3 1
github.com/gefracto/kostrika-go-tasks/src/task1/task1.go:28.2,28.14 1 1
github.com/gefracto/kostrika-go-tasks/src/task1/task1.go:42.2,42.12 1 1
github.com/gefracto/kostrika-go-tasks/src/task1/task1.go:22.14,24.3 1 1
github.com/gefracto/kostrika-go-tasks/src/task1/task1.go:24.3,26.3 1 1
github.com/gefracto/kostrika-go-tasks/src/task1/task1.go:28.14,29.29 1 1
github.com/gefracto/kostrika-go-tasks/src/task1/task1.go:29.29,31.4 1 1
github.com/gefracto/kostrika-go-tasks/src/task1/task1.go:32.3,33.33 1 0
github.com/gefracto/kostrika-go-tasks/src/task1/task1.go:36.3,36.15 1 0
github.com/gefracto/kostrika-go-tasks/src/task1/task1.go:33.33,35.4 1 0
github.com/gefracto/kostrika-go-tasks/src/task1/task1.go:36.15,38.4 1 0
github.com/gefracto/kostrika-go-tasks/src/task1/task1.go:38.4,40.4 1 0
github.com/gefracto/kostrika-go-tasks/src/task1/task1.go:45.39,46.22 1 1
github.com/gefracto/kostrika-go-tasks/src/task1/task1.go:49.2,49.18 1 1
github.com/gefracto/kostrika-go-tasks/src/task1/task1.go:46.22,48.3 1 1
github.com/gefracto/kostrika-go-tasks/src/task1/task1.go:52.53,56.44 3 1
github.com/gefracto/kostrika-go-tasks/src/task1/task1.go:60.2,61.26 2 1
github.com/gefracto/kostrika-go-tasks/src/task1/task1.go:66.2,66.19 1 1
github.com/gefracto/kostrika-go-tasks/src/task1/task1.go:56.44,58.3 1 0
github.com/gefracto/kostrika-go-tasks/src/task1/task1.go:61.26,64.3 2 1
